<?xml version="1.0" encoding="UTF-8"?>
<coverage generated="1698304550060" clover="3.2.0">
  <project timestamp="1698304550060" name="All files">
    <metrics statements="40" coveredstatements="40" conditionals="24" coveredconditionals="24" methods="6" coveredmethods="6" elements="70" coveredelements="70" complexity="0" loc="40" ncloc="40" packages="1" files="3" classes="3"/>
    <file name="options.cjs" path="/Users/mattdavz/Documents/Code Brah/prettyDigits/PrettyDigits/lib/options.cjs">
      <metrics statements="2" coveredstatements="2" conditionals="0" coveredconditionals="0" methods="0" coveredmethods="0"/>
      <line num="1" count="2" type="stmt"/>
      <line num="14" count="2" type="stmt"/>
    </file>
    <file name="prettyDigits.cjs" path="/Users/mattdavz/Documents/Code Brah/prettyDigits/PrettyDigits/lib/prettyDigits.cjs">
      <metrics statements="21" coveredstatements="21" conditionals="12" coveredconditionals="12" methods="2" coveredmethods="2"/>
      <line num="1" count="2" type="stmt"/>
      <line num="2" count="2" type="stmt"/>
      <line num="6" count="28" type="cond" truecount="2" falsecount="0"/>
      <line num="8" count="28" type="cond" truecount="2" falsecount="0"/>
      <line num="9" count="1" type="stmt"/>
      <line num="11" count="27" type="cond" truecount="2" falsecount="0"/>
      <line num="12" count="1" type="stmt"/>
      <line num="15" count="26" type="stmt"/>
      <line num="17" count="26" type="cond" truecount="4" falsecount="0"/>
      <line num="18" count="2" type="stmt"/>
      <line num="19" count="8" type="stmt"/>
      <line num="21" count="2" type="stmt"/>
      <line num="26" count="2" type="stmt"/>
      <line num="27" count="24" type="cond" truecount="2" falsecount="0"/>
      <line num="28" count="1" type="stmt"/>
      <line num="29" count="1" type="stmt"/>
      <line num="31" count="1" type="stmt"/>
      <line num="36" count="23" type="stmt"/>
      <line num="43" count="24" type="stmt"/>
      <line num="45" count="24" type="stmt"/>
      <line num="48" count="2" type="stmt"/>
    </file>
    <file name="utils.cjs" path="/Users/mattdavz/Documents/Code Brah/prettyDigits/PrettyDigits/lib/utils.cjs">
      <metrics statements="17" coveredstatements="17" conditionals="12" coveredconditionals="12" methods="4" coveredmethods="4"/>
      <line num="5" count="28" type="stmt"/>
      <line num="6" count="28" type="stmt"/>
      <line num="8" count="28" type="cond" truecount="2" falsecount="0"/>
      <line num="9" count="25" type="stmt"/>
      <line num="12" count="28" type="cond" truecount="2" falsecount="0"/>
      <line num="13" count="1" type="stmt"/>
      <line num="16" count="28" type="stmt"/>
      <line num="21" count="29" type="stmt"/>
      <line num="23" count="29" type="stmt"/>
      <line num="24" count="141" type="cond" truecount="4" falsecount="0"/>
      <line num="25" count="40" type="stmt"/>
      <line num="29" count="29" type="stmt"/>
      <line num="35" count="29" type="stmt"/>
      <line num="36" count="141" type="cond" truecount="4" falsecount="0"/>
      <line num="37" count="40" type="stmt"/>
      <line num="40" count="29" type="stmt"/>
      <line num="43" count="2" type="stmt"/>
    </file>
  </project>
</coverage>
