{"/Users/mattdavz/Documents/Code Brah/prettyDigits/PrettyDigits/lib/options.cjs": {"path":"/Users/mattdavz/Documents/Code Brah/prettyDigits/PrettyDigits/lib/options.cjs","statementMap":{"0":{"start":{"line":1,"column":23},"end":{"line":12,"column":1}},"1":{"start":{"line":14,"column":0},"end":{"line":16,"column":1}}},"fnMap":{},"branchMap":{},"s":{"0":2,"1":2},"f":{},"b":{},"inputSourceMap":null,"_coverageSchema":"1a1c01bbd47fc00a2c39e90264f33305004495a9","hash":"7a8de50089acdba2134c4d20640ef7ff1b4d7db8"}
,"/Users/mattdavz/Documents/Code Brah/prettyDigits/PrettyDigits/lib/prettyDigits.cjs": {"path":"/Users/mattdavz/Documents/Code Brah/prettyDigits/PrettyDigits/lib/prettyDigits.cjs","statementMap":{"0":{"start":{"line":1,"column":27},"end":{"line":1,"column":51}},"1":{"start":{"line":2,"column":48},"end":{"line":2,"column":70}},"2":{"start":{"line":6,"column":17},"end":{"line":6,"column":80}},"3":{"start":{"line":8,"column":4},"end":{"line":10,"column":5}},"4":{"start":{"line":9,"column":8},"end":{"line":9,"column":48}},"5":{"start":{"line":11,"column":4},"end":{"line":13,"column":5}},"6":{"start":{"line":12,"column":8},"end":{"line":12,"column":44}},"7":{"start":{"line":15,"column":17},"end":{"line":15,"column":19}},"8":{"start":{"line":17,"column":4},"end":{"line":40,"column":5}},"9":{"start":{"line":18,"column":21},"end":{"line":18,"column":44}},"10":{"start":{"line":19,"column":20},"end":{"line":19,"column":58}},"11":{"start":{"line":19,"column":45},"end":{"line":19,"column":52}},"12":{"start":{"line":21,"column":8},"end":{"line":24,"column":9}},"13":{"start":{"line":26,"column":8},"end":{"line":26,"column":76}},"14":{"start":{"line":27,"column":11},"end":{"line":40,"column":5}},"15":{"start":{"line":28,"column":28},"end":{"line":28,"column":41}},"16":{"start":{"line":29,"column":26},"end":{"line":29,"column":60}},"17":{"start":{"line":31,"column":8},"end":{"line":34,"column":9}},"18":{"start":{"line":36,"column":8},"end":{"line":39,"column":9}},"19":{"start":{"line":43,"column":26},"end":{"line":43,"column":53}},"20":{"start":{"line":45,"column":4},"end":{"line":45,"column":78}},"21":{"start":{"line":48,"column":0},"end":{"line":48,"column":45}},"22":{"start":{"line":50,"column":0},"end":{"line":52,"column":1}}},"fnMap":{"0":{"name":"prettyDigits","decl":{"start":{"line":4,"column":9},"end":{"line":4,"column":21}},"loc":{"start":{"line":4,"column":36},"end":{"line":46,"column":1}},"line":4},"1":{"name":"(anonymous_1)","decl":{"start":{"line":19,"column":38},"end":{"line":19,"column":39}},"loc":{"start":{"line":19,"column":45},"end":{"line":19,"column":52}},"line":19}},"branchMap":{"0":{"loc":{"start":{"line":6,"column":17},"end":{"line":6,"column":80}},"type":"cond-expr","locations":[{"start":{"line":6,"column":27},"end":{"line":6,"column":58}},{"start":{"line":6,"column":61},"end":{"line":6,"column":80}}],"line":6},"1":{"loc":{"start":{"line":8,"column":4},"end":{"line":10,"column":5}},"type":"if","locations":[{"start":{"line":8,"column":4},"end":{"line":10,"column":5}},{"start":{},"end":{}}],"line":8},"2":{"loc":{"start":{"line":11,"column":4},"end":{"line":13,"column":5}},"type":"if","locations":[{"start":{"line":11,"column":4},"end":{"line":13,"column":5}},{"start":{},"end":{}}],"line":11},"3":{"loc":{"start":{"line":17,"column":4},"end":{"line":40,"column":5}},"type":"if","locations":[{"start":{"line":17,"column":4},"end":{"line":40,"column":5}},{"start":{"line":27,"column":11},"end":{"line":40,"column":5}}],"line":17},"4":{"loc":{"start":{"line":17,"column":7},"end":{"line":17,"column":25}},"type":"binary-expr","locations":[{"start":{"line":17,"column":7},"end":{"line":17,"column":14}},{"start":{"line":17,"column":18},"end":{"line":17,"column":25}}],"line":17},"5":{"loc":{"start":{"line":27,"column":11},"end":{"line":40,"column":5}},"type":"if","locations":[{"start":{"line":27,"column":11},"end":{"line":40,"column":5}},{"start":{"line":35,"column":11},"end":{"line":40,"column":5}}],"line":27}},"s":{"0":2,"1":2,"2":27,"3":27,"4":1,"5":26,"6":1,"7":25,"8":25,"9":2,"10":2,"11":8,"12":2,"13":2,"14":23,"15":1,"16":1,"17":1,"18":22,"19":23,"20":23,"21":2,"22":2},"f":{"0":27,"1":8},"b":{"0":[24,3],"1":[1,26],"2":[1,25],"3":[2,23],"4":[25,3],"5":[1,22]},"inputSourceMap":null,"_coverageSchema":"1a1c01bbd47fc00a2c39e90264f33305004495a9","hash":"2610379e9bbe2333292b2d6a0451bdf4d69fca15"}
,"/Users/mattdavz/Documents/Code Brah/prettyDigits/PrettyDigits/lib/utils.cjs": {"path":"/Users/mattdavz/Documents/Code Brah/prettyDigits/PrettyDigits/lib/utils.cjs","statementMap":{"0":{"start":{"line":5,"column":31},"end":{"line":5,"column":35}},"1":{"start":{"line":6,"column":22},"end":{"line":6,"column":28}},"2":{"start":{"line":8,"column":4},"end":{"line":10,"column":5}},"3":{"start":{"line":9,"column":8},"end":{"line":9,"column":25}},"4":{"start":{"line":12,"column":4},"end":{"line":14,"column":5}},"5":{"start":{"line":13,"column":8},"end":{"line":13,"column":33}},"6":{"start":{"line":16,"column":4},"end":{"line":16,"column":34}},"7":{"start":{"line":21,"column":15},"end":{"line":21,"column":23}},"8":{"start":{"line":23,"column":4},"end":{"line":27,"column":7}},"9":{"start":{"line":24,"column":8},"end":{"line":26,"column":9}},"10":{"start":{"line":25,"column":12},"end":{"line":25,"column":27}},"11":{"start":{"line":29,"column":4},"end":{"line":29,"column":15}},"12":{"start":{"line":35,"column":22},"end":{"line":35,"column":40}},"13":{"start":{"line":36,"column":4},"end":{"line":38,"column":5}},"14":{"start":{"line":37,"column":8},"end":{"line":37,"column":48}},"15":{"start":{"line":39,"column":4},"end":{"line":43,"column":5}},"16":{"start":{"line":39,"column":17},"end":{"line":39,"column":18}},"17":{"start":{"line":40,"column":8},"end":{"line":42,"column":9}},"18":{"start":{"line":41,"column":12},"end":{"line":41,"column":46}},"19":{"start":{"line":44,"column":4},"end":{"line":44,"column":20}},"20":{"start":{"line":49,"column":0},"end":{"line":53,"column":1}}},"fnMap":{"0":{"name":"executeOptions","decl":{"start":{"line":4,"column":9},"end":{"line":4,"column":23}},"loc":{"start":{"line":4,"column":38},"end":{"line":17,"column":1}},"line":4},"1":{"name":"getUnit","decl":{"start":{"line":20,"column":9},"end":{"line":20,"column":16}},"loc":{"start":{"line":20,"column":29},"end":{"line":30,"column":1}},"line":20},"2":{"name":"(anonymous_2)","decl":{"start":{"line":23,"column":18},"end":{"line":23,"column":19}},"loc":{"start":{"line":23,"column":27},"end":{"line":27,"column":5}},"line":23},"3":{"name":"getShorten","decl":{"start":{"line":33,"column":9},"end":{"line":33,"column":19}},"loc":{"start":{"line":33,"column":30},"end":{"line":45,"column":1}},"line":33}},"branchMap":{"0":{"loc":{"start":{"line":8,"column":4},"end":{"line":10,"column":5}},"type":"if","locations":[{"start":{"line":8,"column":4},"end":{"line":10,"column":5}},{"start":{},"end":{}}],"line":8},"1":{"loc":{"start":{"line":12,"column":4},"end":{"line":14,"column":5}},"type":"if","locations":[{"start":{"line":12,"column":4},"end":{"line":14,"column":5}},{"start":{},"end":{}}],"line":12},"2":{"loc":{"start":{"line":24,"column":8},"end":{"line":26,"column":9}},"type":"if","locations":[{"start":{"line":24,"column":8},"end":{"line":26,"column":9}},{"start":{},"end":{}}],"line":24},"3":{"loc":{"start":{"line":24,"column":12},"end":{"line":24,"column":72}},"type":"binary-expr","locations":[{"start":{"line":24,"column":12},"end":{"line":24,"column":38}},{"start":{"line":24,"column":42},"end":{"line":24,"column":72}}],"line":24},"4":{"loc":{"start":{"line":36,"column":4},"end":{"line":38,"column":5}},"type":"if","locations":[{"start":{"line":36,"column":4},"end":{"line":38,"column":5}},{"start":{},"end":{}}],"line":36},"5":{"loc":{"start":{"line":40,"column":8},"end":{"line":42,"column":9}},"type":"if","locations":[{"start":{"line":40,"column":8},"end":{"line":42,"column":9}},{"start":{},"end":{}}],"line":40},"6":{"loc":{"start":{"line":40,"column":12},"end":{"line":40,"column":72}},"type":"binary-expr","locations":[{"start":{"line":40,"column":12},"end":{"line":40,"column":38}},{"start":{"line":40,"column":42},"end":{"line":40,"column":72}}],"line":40}},"s":{"0":27,"1":27,"2":27,"3":24,"4":27,"5":1,"6":27,"7":28,"8":28,"9":140,"10":39,"11":28,"12":29,"13":29,"14":1,"15":28,"16":28,"17":140,"18":39,"19":28,"20":2},"f":{"0":27,"1":28,"2":140,"3":29},"b":{"0":[24,3],"1":[1,26],"2":[39,101],"3":[140,87],"4":[1,28],"5":[39,101],"6":[140,87]},"inputSourceMap":null,"_coverageSchema":"1a1c01bbd47fc00a2c39e90264f33305004495a9","hash":"499e9741814158eef26d6bb02f938860c8ad8e79"}
}
