{"/Users/mattdavz/Documents/Code Brah/prettyDigits/PrettyDigits/lib/options.cjs": {"path":"/Users/mattdavz/Documents/Code Brah/prettyDigits/PrettyDigits/lib/options.cjs","statementMap":{"0":{"start":{"line":1,"column":23},"end":{"line":12,"column":1}},"1":{"start":{"line":14,"column":0},"end":{"line":16,"column":1}}},"fnMap":{},"branchMap":{},"s":{"0":1,"1":1},"f":{},"b":{},"inputSourceMap":null,"_coverageSchema":"1a1c01bbd47fc00a2c39e90264f33305004495a9","hash":"7a8de50089acdba2134c4d20640ef7ff1b4d7db8"}
,"/Users/mattdavz/Documents/Code Brah/prettyDigits/PrettyDigits/lib/prettyDigits.cjs": {"path":"/Users/mattdavz/Documents/Code Brah/prettyDigits/PrettyDigits/lib/prettyDigits.cjs","statementMap":{"0":{"start":{"line":1,"column":27},"end":{"line":1,"column":51}},"1":{"start":{"line":2,"column":40},"end":{"line":2,"column":62}},"2":{"start":{"line":6,"column":17},"end":{"line":6,"column":80}},"3":{"start":{"line":8,"column":22},"end":{"line":8,"column":60}},"4":{"start":{"line":10,"column":17},"end":{"line":10,"column":19}},"5":{"start":{"line":12,"column":4},"end":{"line":26,"column":5}},"6":{"start":{"line":12,"column":17},"end":{"line":12,"column":18}},"7":{"start":{"line":13,"column":27},"end":{"line":13,"column":32}},"8":{"start":{"line":14,"column":27},"end":{"line":14,"column":36}},"9":{"start":{"line":15,"column":8},"end":{"line":25,"column":9}},"10":{"start":{"line":16,"column":28},"end":{"line":16,"column":51}},"11":{"start":{"line":17,"column":29},"end":{"line":17,"column":42}},"12":{"start":{"line":18,"column":12},"end":{"line":24,"column":13}},"13":{"start":{"line":19,"column":16},"end":{"line":19,"column":72}},"14":{"start":{"line":20,"column":16},"end":{"line":20,"column":21}},"15":{"start":{"line":22,"column":16},"end":{"line":22,"column":86}},"16":{"start":{"line":23,"column":16},"end":{"line":23,"column":21}},"17":{"start":{"line":28,"column":26},"end":{"line":28,"column":53}},"18":{"start":{"line":30,"column":4},"end":{"line":30,"column":54}},"19":{"start":{"line":34,"column":0},"end":{"line":36,"column":1}}},"fnMap":{"0":{"name":"prettyDigits","decl":{"start":{"line":4,"column":9},"end":{"line":4,"column":21}},"loc":{"start":{"line":4,"column":36},"end":{"line":31,"column":1}},"line":4}},"branchMap":{"0":{"loc":{"start":{"line":6,"column":17},"end":{"line":6,"column":80}},"type":"cond-expr","locations":[{"start":{"line":6,"column":27},"end":{"line":6,"column":58}},{"start":{"line":6,"column":61},"end":{"line":6,"column":80}}],"line":6},"1":{"loc":{"start":{"line":15,"column":8},"end":{"line":25,"column":9}},"type":"if","locations":[{"start":{"line":15,"column":8},"end":{"line":25,"column":9}},{"start":{},"end":{}}],"line":15},"2":{"loc":{"start":{"line":15,"column":12},"end":{"line":15,"column":62}},"type":"binary-expr","locations":[{"start":{"line":15,"column":12},"end":{"line":15,"column":35}},{"start":{"line":15,"column":39},"end":{"line":15,"column":62}}],"line":15},"3":{"loc":{"start":{"line":18,"column":12},"end":{"line":24,"column":13}},"type":"if","locations":[{"start":{"line":18,"column":12},"end":{"line":24,"column":13}},{"start":{"line":21,"column":19},"end":{"line":24,"column":13}}],"line":18}},"s":{"0":1,"1":1,"2":0,"3":0,"4":0,"5":0,"6":0,"7":0,"8":0,"9":0,"10":0,"11":0,"12":0,"13":0,"14":0,"15":0,"16":0,"17":0,"18":0,"19":1},"f":{"0":0},"b":{"0":[0,0],"1":[0,0],"2":[0,0],"3":[0,0]},"inputSourceMap":null,"_coverageSchema":"1a1c01bbd47fc00a2c39e90264f33305004495a9","hash":"2142034b2ceb369208458730f180de4fb4c62626"}
,"/Users/mattdavz/Documents/Code Brah/prettyDigits/PrettyDigits/lib/utils.cjs": {"path":"/Users/mattdavz/Documents/Code Brah/prettyDigits/PrettyDigits/lib/utils.cjs","statementMap":{"0":{"start":{"line":3,"column":14},"end":{"line":3,"column":17}},"1":{"start":{"line":4,"column":4},"end":{"line":6,"column":5}},"2":{"start":{"line":4,"column":17},"end":{"line":4,"column":18}},"3":{"start":{"line":5,"column":8},"end":{"line":5,"column":20}},"4":{"start":{"line":7,"column":4},"end":{"line":7,"column":32}},"5":{"start":{"line":11,"column":15},"end":{"line":11,"column":23}},"6":{"start":{"line":13,"column":4},"end":{"line":15,"column":5}},"7":{"start":{"line":14,"column":8},"end":{"line":14,"column":34}},"8":{"start":{"line":17,"column":4},"end":{"line":19,"column":5}},"9":{"start":{"line":18,"column":8},"end":{"line":18,"column":43}},"10":{"start":{"line":21,"column":4},"end":{"line":21,"column":15}},"11":{"start":{"line":24,"column":0},"end":{"line":27,"column":1}},"12":{"start":{"line":29,"column":0},"end":{"line":29,"column":65}}},"fnMap":{"0":{"name":"makeDivider","decl":{"start":{"line":2,"column":9},"end":{"line":2,"column":20}},"loc":{"start":{"line":2,"column":33},"end":{"line":8,"column":1}},"line":2},"1":{"name":"executeOptions","decl":{"start":{"line":10,"column":9},"end":{"line":10,"column":23}},"loc":{"start":{"line":10,"column":34},"end":{"line":22,"column":1}},"line":10}},"branchMap":{"0":{"loc":{"start":{"line":13,"column":4},"end":{"line":15,"column":5}},"type":"if","locations":[{"start":{"line":13,"column":4},"end":{"line":15,"column":5}},{"start":{},"end":{}}],"line":13},"1":{"loc":{"start":{"line":17,"column":4},"end":{"line":19,"column":5}},"type":"if","locations":[{"start":{"line":17,"column":4},"end":{"line":19,"column":5}},{"start":{},"end":{}}],"line":17}},"s":{"0":4,"1":4,"2":4,"3":30,"4":4,"5":6,"6":6,"7":3,"8":6,"9":1,"10":6,"11":2,"12":2},"f":{"0":4,"1":6},"b":{"0":[3,3],"1":[1,5]},"inputSourceMap":null,"_coverageSchema":"1a1c01bbd47fc00a2c39e90264f33305004495a9","hash":"983713b13de0514f9a8048eea26d5ed459798621"}
}
