TN:
SF:lib/utils.cjs
FN:4,executeOptions
FN:22,getUnit
FN:25,(anonymous_2)
FN:35,getShorten
FNF:4
FNH:4
FNDA:4,executeOptions
FNDA:6,getUnit
FNDA:30,(anonymous_2)
FNDA:5,getShorten
DA:6,4
DA:7,1
DA:10,4
DA:11,1
DA:14,4
DA:15,0
DA:18,4
DA:23,6
DA:25,6
DA:26,30
DA:27,11
DA:31,6
DA:37,5
DA:38,25
DA:39,9
DA:42,5
DA:45,1
DA:47,1
LF:18
LH:17
BRDA:6,0,0,1
BRDA:6,0,1,3
BRDA:10,1,0,1
BRDA:10,1,1,3
BRDA:14,2,0,0
BRDA:14,2,1,4
BRDA:26,3,0,11
BRDA:26,3,1,19
BRDA:26,4,0,30
BRDA:26,4,1,17
BRDA:38,5,0,9
BRDA:38,5,1,16
BRDA:38,6,0,25
BRDA:38,6,1,15
BRF:14
BRH:13
end_of_record
