TN:
SF:lib/options.cjs
FNF:0
FNH:0
DA:1,1
DA:14,1
LF:2
LH:2
BRF:0
BRH:0
end_of_record
TN:
SF:lib/prettyDigits.cjs
FN:4,prettyDigits
FNF:1
FNH:1
FNDA:15,prettyDigits
DA:1,1
DA:2,1
DA:6,15
DA:8,15
DA:9,15
DA:11,15
DA:12,1
DA:15,14
DA:16,45
DA:17,45
DA:18,45
DA:19,14
DA:20,14
DA:21,14
DA:22,0
DA:23,0
DA:25,14
DA:26,14
DA:31,14
DA:33,14
DA:35,1
DA:38,1
LF:22
LH:20
BRDA:6,0,0,14
BRDA:6,0,1,1
BRDA:11,1,0,1
BRDA:11,1,1,14
BRDA:18,2,0,14
BRDA:18,2,1,31
BRDA:18,3,0,45
BRDA:18,3,1,45
BRDA:21,4,0,0
BRDA:21,4,1,14
BRF:10
BRH:9
end_of_record
TN:
SF:lib/utils.cjs
FN:2,makeDivider
FN:10,executeOptions
FNF:2
FNH:2
FNDA:18,makeDivider
FNDA:18,executeOptions
DA:3,18
DA:4,18
DA:5,165
DA:7,18
DA:11,18
DA:13,18
DA:14,15
DA:17,18
DA:18,1
DA:21,18
DA:24,2
LF:11
LH:11
BRDA:13,0,0,15
BRDA:13,0,1,3
BRDA:17,1,0,1
BRDA:17,1,1,17
BRF:4
BRH:4
end_of_record
